<?xml version="1.0" encoding="UTF-8"?>
<!-- Generated by org.testng.reporters.JUnitReportReporter -->
<testsuite skipped="0" hostname="LAPTOP-0A7CUA1B" name="com.vmetry.testng.Prioritization" tests="3" failures="0" timestamp="02 Nov 2017 12:17:52 GMT" time="11.165" errors="0">
  <testcase name="launch" time="10.263" classname="com.vmetry.testng.Prioritization"/>
  <testcase name="inputNoiceWord" time="0.138" classname="com.vmetry.testng.Prioritization"/>
  <testcase name="selectSrchKey" time="0.764" classname="com.vmetry.testng.Prioritization"/>
</testsuite> <!-- com.vmetry.testng.Prioritization -->
