<?xml version="1.0" encoding="UTF-8"?>
<!-- Generated by org.testng.reporters.JUnitReportReporter -->
<testsuite skipped="0" hostname="LAPTOP-0A7CUA1B" name="com.vmetry.testng.Grouping" tests="9" failures="0" timestamp="10 Nov 2017 05:15:43 GMT" time="93.665" errors="0">
  <testcase name="Slider" time="14.518" classname="com.vmetry.testng.Grouping"/>
  <testcase name="htmlToolTip" time="0.031" classname="com.vmetry.testng.Grouping"/>
  <testcase name="jQueryToolTip" time="12.967" classname="com.vmetry.testng.Grouping"/>
  <testcase name="Slider" time="11.738" classname="com.vmetry.testng.Grouping"/>
  <testcase name="autoComplete" time="10.255" classname="com.vmetry.testng.Grouping"/>
  <testcase name="jQueryToolTip" time="13.179" classname="com.vmetry.testng.Grouping"/>
  <testcase name="ResizeElement" time="9.687" classname="com.vmetry.testng.Grouping"/>
  <testcase name="dragAndDrop" time="11.327" classname="com.vmetry.testng.Grouping"/>
  <testcase name="autoComplete" time="9.963" classname="com.vmetry.testng.Grouping"/>
</testsuite> <!-- com.vmetry.testng.Grouping -->
