<?xml version="1.0" encoding="UTF-8"?>
<!-- Generated by org.testng.reporters.JUnitReportReporter -->
<testsuite skipped="0" hostname="LAPTOP-0A7CUA1B" name="com.vmetry.testng.DataProviderParametrization" tests="3" failures="0" timestamp="09 Nov 2017 04:12:32 GMT" time="11.844" errors="0">
  <testcase name="autoComplete" time="2.105" classname="com.vmetry.testng.DataProviderParametrization"/>
  <testcase name="autoComplete" time="7.260" classname="com.vmetry.testng.DataProviderParametrization"/>
  <testcase name="autoComplete" time="2.479" classname="com.vmetry.testng.DataProviderParametrization"/>
</testsuite> <!-- com.vmetry.testng.DataProviderParametrization -->
