<?xml version="1.0" encoding="UTF-8"?>
<!-- Generated by org.testng.reporters.JUnitReportReporter -->
<testsuite skipped="0" hostname="LAPTOP-0A7CUA1B" name="com.vmetry.testng.ParallelTestMethod" tests="3" failures="0" timestamp="13 Nov 2017 05:14:29 GMT" time="34.572" errors="0">
  <testcase name="lauchGoogle" time="11.155" classname="com.vmetry.testng.ParallelTestMethod"/>
  <testcase name="lauchFacebook" time="12.493" classname="com.vmetry.testng.ParallelTestMethod"/>
  <testcase name="lauchBing" time="10.924" classname="com.vmetry.testng.ParallelTestMethod"/>
</testsuite> <!-- com.vmetry.testng.ParallelTestMethod -->
