<?xml version="1.0" encoding="UTF-8"?>
<!-- Generated by org.testng.reporters.JUnitReportReporter -->
<testsuite skipped="0" hostname="LAPTOP-0A7CUA1B" name="com.vmetry.testng.Annotation" tests="2" failures="0" timestamp="23 Nov 2017 18:50:51 GMT" time="0.018" errors="0">
  <testcase name="testCase2" time="0.015" classname="com.vmetry.testng.Annotation"/>
  <testcase name="testCase1" time="0.003" classname="com.vmetry.testng.Annotation"/>
</testsuite> <!-- com.vmetry.testng.Annotation -->
