<?xml version="1.0" encoding="UTF-8"?>
<!-- Generated by org.testng.reporters.JUnitReportReporter -->
<testsuite skipped="1" hostname="LAPTOP-0A7CUA1B" name="com.vmetry.testng.DisableTestCase" tests="3" failures="0" timestamp="01 Nov 2017 03:34:31 GMT" time="9.623" errors="0">
  <testcase name="launch" time="9.429" classname="com.vmetry.testng.DisableTestCase"/>
  <testcase name="inputNoiceWord" time="0.194" classname="com.vmetry.testng.DisableTestCase"/>
  <testcase name="selectSrchKey" classname="com.vmetry.testng.DisableTestCase">
    <skipped/>
  </testcase> <!-- selectSrchKey -->
</testsuite> <!-- com.vmetry.testng.DisableTestCase -->
