<?xml version="1.0" encoding="UTF-8"?>
<!-- Generated by org.testng.reporters.JUnitReportReporter -->
<testsuite skipped="0" hostname="LAPTOP-0A7CUA1B" name="com.vmetry.testng.SampleTestCase" tests="1" failures="0" timestamp="26 Oct 2017 19:04:20 GMT" time="6.972" errors="0">
  <testcase name="launch" time="6.972" classname="com.vmetry.testng.SampleTestCase"/>
</testsuite> <!-- com.vmetry.testng.SampleTestCase -->
